<?xml version="1.0" encoding="UTF-8"?>
<testng-results ignored="0" total="8" passed="7" failed="1" skipped="0">
  <reporter-output>
  </reporter-output>
  <suite started-at="2020-05-18T22:05:19 CEST" name="Default suite" finished-at="2020-05-18T22:08:36 CEST" duration-ms="197332">
    <groups>
    </groups>
    <test started-at="2020-05-18T22:05:19 CEST" name="Default test" finished-at="2020-05-18T22:08:36 CEST" duration-ms="197332">
      <class name="ProjectTest.RegistLoginTest">
        <test-method is-config="true" signature="openBrowser()[pri:0, instance:ProjectTest.RegistLoginTest@794cb805]" started-at="2020-05-18T22:05:19 CEST" name="openBrowser" finished-at="2020-05-18T22:05:23 CEST" duration-ms="3690" status="PASS">
          <reporter-output>
          </reporter-output>
        </test-method> <!-- openBrowser -->
        <test-method signature="login()[pri:1, instance:ProjectTest.RegistLoginTest@794cb805]" started-at="2020-05-18T22:05:23 CEST" name="login" finished-at="2020-05-18T22:05:29 CEST" duration-ms="6468" status="PASS">
          <reporter-output>
          </reporter-output>
        </test-method> <!-- login -->
        <test-method signature="validLogin()[pri:2, instance:ProjectTest.RegistLoginTest@794cb805]" started-at="2020-05-18T22:05:29 CEST" name="validLogin" finished-at="2020-05-18T22:05:36 CEST" duration-ms="6471" status="PASS">
          <reporter-output>
          </reporter-output>
        </test-method> <!-- validLogin -->
        <test-method signature="getUsernameIsNull()[pri:4, instance:ProjectTest.RegistLoginTest@794cb805]" started-at="2020-05-18T22:05:36 CEST" name="getUsernameIsNull" finished-at="2020-05-18T22:05:41 CEST" duration-ms="5621" status="PASS">
          <reporter-output>
          </reporter-output>
        </test-method> <!-- getUsernameIsNull -->
        <test-method signature="getEmailIsNull()[pri:5, instance:ProjectTest.RegistLoginTest@794cb805]" started-at="2020-05-18T22:05:41 CEST" name="getEmailIsNull" finished-at="2020-05-18T22:05:47 CEST" duration-ms="5711" status="PASS">
          <reporter-output>
          </reporter-output>
        </test-method> <!-- getEmailIsNull -->
        <test-method signature="getPassIsNull()[pri:6, instance:ProjectTest.RegistLoginTest@794cb805]" started-at="2020-05-18T22:05:47 CEST" name="getPassIsNull" finished-at="2020-05-18T22:05:52 CEST" duration-ms="5449" status="PASS">
          <reporter-output>
          </reporter-output>
        </test-method> <!-- getPassIsNull -->
        <test-method signature="getConfPassIsNull()[pri:7, instance:ProjectTest.RegistLoginTest@794cb805]" started-at="2020-05-18T22:05:52 CEST" name="getConfPassIsNull" finished-at="2020-05-18T22:05:58 CEST" duration-ms="5517" status="PASS">
          <reporter-output>
          </reporter-output>
        </test-method> <!-- getConfPassIsNull -->
        <test-method signature="deleteRegisteredUser1()[pri:10, instance:ProjectTest.RegistLoginTest@794cb805]" started-at="2020-05-18T22:05:58 CEST" name="deleteRegisteredUser1" finished-at="2020-05-18T22:08:34 CEST" duration-ms="156079" status="PASS">
          <reporter-output>
          </reporter-output>
        </test-method> <!-- deleteRegisteredUser1 -->
        <test-method signature="deleteRegisteredUser2()[pri:11, instance:ProjectTest.RegistLoginTest@794cb805]" started-at="2020-05-18T22:08:34 CEST" name="deleteRegisteredUser2" finished-at="2020-05-18T22:08:36 CEST" duration-ms="2275" status="FAIL">
          <exception class="org.openqa.selenium.NoSuchElementException">
            <message>
              <![CDATA[no such element: Unable to locate element: {"method":"css selector","selector":".content_alt:nth-child(4) > td:nth-child(10) img"}
  (Session info: chrome=81.0.4044.138)
For documentation on this error, please visit: https://www.seleniumhq.org/exceptions/no_such_element.html
Build info: version: '3.141.59', revision: 'e82be7d358', time: '2018-11-14T08:25:48'
System info: host: 'DESKTOP-2NOPBE7', ip: '192.168.0.14', os.name: 'Windows 10', os.arch: 'amd64', os.version: '10.0', java.version: '13.0.2'
Driver info: org.openqa.selenium.chrome.ChromeDriver
Capabilities {acceptInsecureCerts: false, browserName: chrome, browserVersion: 81.0.4044.138, chrome: {chromedriverVersion: 80.0.3987.106 (f68069574609..., userDataDir: C:\Users\Tamara\AppData\Loc...}, goog:chromeOptions: {debuggerAddress: localhost:62046}, javascriptEnabled: true, networkConnectionEnabled: false, pageLoadStrategy: normal, platform: WINDOWS, platformName: WINDOWS, proxy: Proxy(), setWindowRect: true, strictFileInteractability: false, timeouts: {implicit: 0, pageLoad: 300000, script: 30000}, unhandledPromptBehavior: dismiss and notify}
Session ID: a3b0b1b21207816dca98dc41d7a11177
*** Element info: {Using=css selector, value=.content_alt:nth-child(4) > td:nth-child(10) img}]]>
            </message>
            <full-stacktrace>
              <![CDATA[org.openqa.selenium.NoSuchElementException: no such element: Unable to locate element: {"method":"css selector","selector":".content_alt:nth-child(4) > td:nth-child(10) img"}
  (Session info: chrome=81.0.4044.138)
For documentation on this error, please visit: https://www.seleniumhq.org/exceptions/no_such_element.html
Build info: version: '3.141.59', revision: 'e82be7d358', time: '2018-11-14T08:25:48'
System info: host: 'DESKTOP-2NOPBE7', ip: '192.168.0.14', os.name: 'Windows 10', os.arch: 'amd64', os.version: '10.0', java.version: '13.0.2'
Driver info: org.openqa.selenium.chrome.ChromeDriver
Capabilities {acceptInsecureCerts: false, browserName: chrome, browserVersion: 81.0.4044.138, chrome: {chromedriverVersion: 80.0.3987.106 (f68069574609..., userDataDir: C:\Users\Tamara\AppData\Loc...}, goog:chromeOptions: {debuggerAddress: localhost:62046}, javascriptEnabled: true, networkConnectionEnabled: false, pageLoadStrategy: normal, platform: WINDOWS, platformName: WINDOWS, proxy: Proxy(), setWindowRect: true, strictFileInteractability: false, timeouts: {implicit: 0, pageLoad: 300000, script: 30000}, unhandledPromptBehavior: dismiss and notify}
Session ID: a3b0b1b21207816dca98dc41d7a11177
*** Element info: {Using=css selector, value=.content_alt:nth-child(4) > td:nth-child(10) img}
at java.base/jdk.internal.reflect.NativeConstructorAccessorImpl.newInstance0(Native Method)
at java.base/jdk.internal.reflect.NativeConstructorAccessorImpl.newInstance(NativeConstructorAccessorImpl.java:62)
at java.base/jdk.internal.reflect.DelegatingConstructorAccessorImpl.newInstance(DelegatingConstructorAccessorImpl.java:45)
at java.base/java.lang.reflect.Constructor.newInstanceWithCaller(Constructor.java:500)
at java.base/java.lang.reflect.Constructor.newInstance(Constructor.java:481)
at org.openqa.selenium.remote.http.W3CHttpResponseCodec.createException(W3CHttpResponseCodec.java:187)
at org.openqa.selenium.remote.http.W3CHttpResponseCodec.decode(W3CHttpResponseCodec.java:122)
at org.openqa.selenium.remote.http.W3CHttpResponseCodec.decode(W3CHttpResponseCodec.java:49)
at org.openqa.selenium.remote.HttpCommandExecutor.execute(HttpCommandExecutor.java:158)
at org.openqa.selenium.remote.service.DriverCommandExecutor.execute(DriverCommandExecutor.java:83)
at org.openqa.selenium.remote.RemoteWebDriver.execute(RemoteWebDriver.java:552)
at org.openqa.selenium.remote.RemoteWebDriver.findElement(RemoteWebDriver.java:323)
at org.openqa.selenium.remote.RemoteWebDriver.findElementByCssSelector(RemoteWebDriver.java:420)
at org.openqa.selenium.By$ByCssSelector.findElement(By.java:431)
at org.openqa.selenium.remote.RemoteWebDriver.findElement(RemoteWebDriver.java:315)
at ProjectTest.RegistLoginTest.deleteRegisteredUser2(RegistLoginTest.java:83)
at java.base/jdk.internal.reflect.NativeMethodAccessorImpl.invoke0(Native Method)
at java.base/jdk.internal.reflect.NativeMethodAccessorImpl.invoke(NativeMethodAccessorImpl.java:62)
at java.base/jdk.internal.reflect.DelegatingMethodAccessorImpl.invoke(DelegatingMethodAccessorImpl.java:43)
at java.base/java.lang.reflect.Method.invoke(Method.java:567)
at org.testng.internal.MethodInvocationHelper.invokeMethod(MethodInvocationHelper.java:135)
at org.testng.internal.TestInvoker.invokeMethod(TestInvoker.java:598)
at org.testng.internal.TestInvoker.invokeTestMethod(TestInvoker.java:174)
at org.testng.internal.MethodRunner.runInSequence(MethodRunner.java:46)
at org.testng.internal.TestInvoker$MethodInvocationAgent.invoke(TestInvoker.java:821)
at org.testng.internal.TestInvoker.invokeTestMethods(TestInvoker.java:147)
at org.testng.internal.TestMethodWorker.invokeTestMethods(TestMethodWorker.java:146)
at org.testng.internal.TestMethodWorker.run(TestMethodWorker.java:128)
at java.base/java.util.ArrayList.forEach(ArrayList.java:1507)
at org.testng.TestRunner.privateRun(TestRunner.java:767)
at org.testng.TestRunner.run(TestRunner.java:588)
at org.testng.SuiteRunner.runTest(SuiteRunner.java:384)
at org.testng.SuiteRunner.runSequentially(SuiteRunner.java:378)
at org.testng.SuiteRunner.privateRun(SuiteRunner.java:337)
at org.testng.SuiteRunner.run(SuiteRunner.java:286)
at org.testng.SuiteRunnerWorker.runSuite(SuiteRunnerWorker.java:53)
at org.testng.SuiteRunnerWorker.run(SuiteRunnerWorker.java:96)
at org.testng.TestNG.runSuitesSequentially(TestNG.java:1214)
at org.testng.TestNG.runSuitesLocally(TestNG.java:1136)
at org.testng.TestNG.runSuites(TestNG.java:1066)
at org.testng.TestNG.run(TestNG.java:1034)
at org.testng.remote.AbstractRemoteTestNG.run(AbstractRemoteTestNG.java:115)
at org.testng.remote.RemoteTestNG.initAndRun(RemoteTestNG.java:251)
at org.testng.remote.RemoteTestNG.main(RemoteTestNG.java:77)
]]>
            </full-stacktrace>
          </exception> <!-- org.openqa.selenium.NoSuchElementException -->
          <reporter-output>
          </reporter-output>
        </test-method> <!-- deleteRegisteredUser2 -->
      </class> <!-- ProjectTest.RegistLoginTest -->
    </test> <!-- Default test -->
  </suite> <!-- Default suite -->
</testng-results>
